0 info it worked if it ends with ok
1 verbose cli [ '/usr/local/bin/node', '/usr/local/bin/npm', 'start' ]
2 info using npm@4.0.1
3 info using node@v4.4.5
4 verbose run-script [ 'prestart', 'start', 'poststart' ]
5 info lifecycle actor-sdk@1.0.411~prestart: actor-sdk@1.0.411
6 silly lifecycle actor-sdk@1.0.411~prestart: no script for prestart, continuing
7 info lifecycle actor-sdk@1.0.411~start: actor-sdk@1.0.411
8 verbose lifecycle actor-sdk@1.0.411~start: unsafe-perm in lifecycle true
9 verbose lifecycle actor-sdk@1.0.411~start: PATH: /usr/local/lib/node_modules/npm/bin/node-gyp-bin:/Users/diego/Documents/projetos/ActorSDK-Web/node_modules/.bin:/usr/local/bin:/usr/bin:/bin:/usr/sbin:/sbin:/Applications/Dev/apache-maven-3.2.3/bin:/Applications/Dev/apache-ant-1.9.4/bin:/Applications/Dev/android-ndk-r11c:/Applications/Dev/gradle-2.12/bin:/Applications/Dev/sbt/bin:/Users/diego/Library/Android/sdk/platform-tools
10 verbose lifecycle actor-sdk@1.0.411~start: CWD: /Users/diego/Documents/projetos/ActorSDK-Web
11 silly lifecycle actor-sdk@1.0.411~start: Args: [ '-c', 'gulp dev' ]
12 silly lifecycle actor-sdk@1.0.411~start: Returned: code: 1  signal: null
13 info lifecycle actor-sdk@1.0.411~start: Failed to exec start script
14 verbose stack Error: actor-sdk@1.0.411 start: `gulp dev`
14 verbose stack Exit status 1
14 verbose stack     at EventEmitter.<anonymous> (/usr/local/lib/node_modules/npm/lib/utils/lifecycle.js:279:16)
14 verbose stack     at emitTwo (events.js:87:13)
14 verbose stack     at EventEmitter.emit (events.js:172:7)
14 verbose stack     at ChildProcess.<anonymous> (/usr/local/lib/node_modules/npm/lib/utils/spawn.js:40:14)
14 verbose stack     at emitTwo (events.js:87:13)
14 verbose stack     at ChildProcess.emit (events.js:172:7)
14 verbose stack     at maybeClose (internal/child_process.js:827:16)
14 verbose stack     at Process.ChildProcess._handle.onexit (internal/child_process.js:211:5)
15 verbose pkgid actor-sdk@1.0.411
16 verbose cwd /Users/diego/Documents/projetos/ActorSDK-Web
17 error Darwin 16.7.0
18 error argv "/usr/local/bin/node" "/usr/local/bin/npm" "start"
19 error node v4.4.5
20 error npm  v4.0.1
21 error code ELIFECYCLE
22 error actor-sdk@1.0.411 start: `gulp dev`
22 error Exit status 1
23 error Failed at the actor-sdk@1.0.411 start script 'gulp dev'.
23 error Make sure you have the latest version of node.js and npm installed.
23 error If you do, this is most likely a problem with the actor-sdk package,
23 error not with npm itself.
23 error Tell the author that this fails on your system:
23 error     gulp dev
23 error You can get information on how to open an issue for this project with:
23 error     npm bugs actor-sdk
23 error Or if that isn't available, you can get their info via:
23 error     npm owner ls actor-sdk
23 error There is likely additional logging output above.
24 verbose exit [ 1, true ]
